<?xml version="1.0" encoding="UTF-8"?>
<!-- Generated by org.testng.reporters.JUnitXMLReporter -->
<testsuite hostname="DESKTOP-9384RE4" ignored="0" name="Default test" tests="3" failures="0" timestamp="08 May 2020 02:01:44 GMT" time="88.156" errors="0">
  <testcase name="ChangePasswordMSGTest" time="8.551" classname="com.training.sanity.tests.LoginTests"/>
  <testcase name="RemoveItemFromCartTest" time="17.726" classname="com.training.sanity.tests.LoginTests"/>
  <testcase name="AddToCartTest" time="16.811" classname="com.training.sanity.tests.LoginTests"/>
</testsuite> <!-- Default test -->
