<?xml version="1.0" encoding="UTF-8"?>
<!-- Generated by org.testng.reporters.JUnitXMLReporter -->
<testsuite hostname="DESKTOP-9384RE4" ignored="0" name="Default test" tests="3" failures="0" timestamp="15 May 2020 17:54:01 GMT" time="86.778" errors="0">
  <testcase name="ChangePasswordMSGTest" time="22.754" classname="com.training.sanity.tests.LoginTests"/>
  <testcase name="RemoveItemFromCartTest" time="29.667" classname="com.training.sanity.tests.LoginTests"/>
  <testcase name="AddToCartTest" time="28.873" classname="com.training.sanity.tests.LoginTests"/>
</testsuite> <!-- Default test -->
