<?xml version="1.0" encoding="UTF-8"?>
<testng-results skipped="0" failed="0" ignored="2" total="3" passed="1">
  <reporter-output>
  </reporter-output>
  <suite name="Default suite" duration-ms="26875" started-at="2020-05-08T04:58:03Z" finished-at="2020-05-08T04:58:30Z">
    <groups>
    </groups>
    <test name="Default test" duration-ms="26875" started-at="2020-05-08T04:58:03Z" finished-at="2020-05-08T04:58:30Z">
      <class name="com.training.sanity.tests.LoginTests">
        <test-method status="PASS" signature="setUpBeforeClass()[pri:0, instance:com.training.sanity.tests.LoginTests@482f8f11]" name="setUpBeforeClass" is-config="true" duration-ms="16" started-at="2020-05-08T00:58:03Z" finished-at="2020-05-08T00:58:03Z">
          <reporter-output>
          </reporter-output>
        </test-method> <!-- setUpBeforeClass -->
        <test-method status="PASS" signature="setUp()[pri:0, instance:com.training.sanity.tests.LoginTests@482f8f11]" name="setUp" is-config="true" duration-ms="12123" started-at="2020-05-08T00:58:03Z" finished-at="2020-05-08T00:58:15Z">
          <reporter-output>
          </reporter-output>
        </test-method> <!-- setUp -->
        <test-method status="PASS" signature="AddToCartTest()[pri:2, instance:com.training.sanity.tests.LoginTests@482f8f11]" name="AddToCartTest" duration-ms="12790" started-at="2020-05-08T00:58:15Z" finished-at="2020-05-08T00:58:28Z">
          <reporter-output>
          </reporter-output>
        </test-method> <!-- AddToCartTest -->
        <test-method status="PASS" signature="tearDown()[pri:0, instance:com.training.sanity.tests.LoginTests@482f8f11]" name="tearDown" is-config="true" duration-ms="1929" started-at="2020-05-08T00:58:28Z" finished-at="2020-05-08T00:58:30Z">
          <reporter-output>
          </reporter-output>
        </test-method> <!-- tearDown -->
      </class> <!-- com.training.sanity.tests.LoginTests -->
    </test> <!-- Default test -->
  </suite> <!-- Default suite -->
</testng-results>
